
P A U P *
Version 4.0a (build 169) for Macintosh (X86) (built on Feb 10 2021 at 16:12:22)
Saturday, January 4, 2025 at 7:27:01 PM Mountain Standard Time


Character-exclusion status changed:
  381 characters excluded
  Total number of characters now excluded = 381
  Number of included characters = 215

Heuristic search settings:
  Optimality criterion = parsimony
    Character-status summary:
      381 characters are excluded
      Of the remaining 215 included characters:
        All characters are of type 'ord' (Wagner)
        All characters have equal weight
        All characters are parsimony-informative
  Starting tree(s) obtained via stepwise addition
    Addition sequence: random
    Number of replicates = 100
    Starting seed = generated automatically
    Number of trees held at each step = 1
  Branch-swapping algorithm: tree-bisection-reconnection (TBR) with reconnection limit = 8
    Steepest descent option not in effect
    No more than 1 tree of score (length) greater than or equal to 2 will be saved in each replicate
  Initial 'Maxtrees' setting = 100 (will be auto-increased by 100)
  Branches collapsed (creating polytomies) if maximum branch length is zero
  'MulTrees' option in effect
  No topological constraints in effect
  Trees are unrooted

Heuristic search completed
  Total number of rearrangements tried = 2
  Score of best tree(s) found = 924
  Number of trees retained = 1
  Time used = 0.00 sec (CPU time = 0.00 sec)

Tree-island profile:
                     First      Last                        First    Times
Island      Size      tree      tree           Score    replicate      hit
--------------------------------------------------------------------------
     1         1         1         1             924            1     100*

Note(s):
    * Islands of size 1 (= limit on trees saved per replicate) found in different replicates may in fact belong to the same island

1 tree converted from unrooted to rooted using Lundberg method

Tree description:

  Optimality criterion = parsimony
    Character-status summary:
      381 characters are excluded
      Of the remaining 215 included characters:
        All characters are of type 'ord' (Wagner)
        All characters have equal weight
        All characters are parsimony-informative
    Character-state optimization: Accelerated transformation (ACCTRAN)
                                  AncStates = "ancestor"

Tree 1:

Tree length = 1545
Consistency index (CI) = 0.4926
Homoplasy index (HI) = 0.5074
Retention index (RI) = 0/0
Rescaled consistency index (RC) = 0/0

                                                                                             /------------------ NC 014649 mimivirus
                                                                                /------------5
                                                                                |            \----------------- NC 020104 moumovirus
                                                      /-------------------------6
------------------------------------------------------7                         \----- NC 016072 Megavirus chiliensis
                                                      |
                                                      \--- NC 075034 Powai lake megavirus isolate1

Character diagnostics:

                    Min   Tree    Max                             G-
Character  Range  steps  steps  steps     CI    RI    RC    HI   fit
--------------------------------------------------------------------
1              1      1      8      1  0.125   0/0   0/0 0.875 0.300
2              6      6      6     11  1.000 1.000 1.000 0.000 1.000
6              3      3      6      3  0.500   0/0   0/0 0.500 0.500
8              3      3      3      3  1.000   0/0   0/0 0.000 1.000
9              3      3      3      3  1.000   0/0   0/0 0.000 1.000
10             3      3      3      6  1.000 1.000 1.000 0.000 1.000
11             9      9      9      9  1.000   0/0   0/0 0.000 1.000
12             3      3      6      6  0.500 0.000 0.000 0.500 0.500
16             5      5      8      8  0.625 0.000 0.000 0.375 0.500
17             3      3     10      3  0.300   0/0   0/0 0.700 0.300
22             5      5      8      8  0.625 0.000 0.000 0.375 0.500
24             3      3      3      6  1.000 1.000 1.000 0.000 1.000
27             7      7      9      9  0.778 0.000 0.000 0.222 0.600
28             5      5      8      5  0.625   0/0   0/0 0.375 0.500
29             3      3      6      3  0.500   0/0   0/0 0.500 0.500
31             2      2      7      4  0.286   0/0   0/0 0.714 0.375
32             3      3      6      6  0.500 0.000 0.000 0.500 0.500
34             3      3     11      3  0.273   0/0   0/0 0.727 0.273
47             2      2      5      4  0.400   0/0   0/0 0.600 0.500
51             3      3      6      3  0.500   0/0   0/0 0.500 0.500
53             1      1     24      2  0.042   0/0   0/0 0.958 0.115
56             5      5      5      5  1.000   0/0   0/0 0.000 1.000
60             3      3      6      6  0.500 0.000 0.000 0.500 0.500
63             5      5      5      5  1.000   0/0   0/0 0.000 1.000
68             5      5      7      7  0.714 0.000 0.000 0.286 0.600
70             5      5      8      5  0.625   0/0   0/0 0.375 0.500
72             3      3      6      3  0.500   0/0   0/0 0.500 0.500
74             2      2      5      2  0.400   0/0   0/0 0.600 0.500
77             3      3      3      3  1.000   0/0   0/0 0.000 1.000
78             5      5      8      5  0.625   0/0   0/0 0.375 0.500
79             3      3      6      6  0.500 0.000 0.000 0.500 0.500
80             3      3      3      3  1.000   0/0   0/0 0.000 1.000
81             2      2      5      2  0.400   0/0   0/0 0.600 0.500
84             3      3      6      3  0.500   0/0   0/0 0.500 0.500
85             3      3      6      3  0.500   0/0   0/0 0.500 0.500
89             3      3      6      3  0.500   0/0   0/0 0.500 0.500
90             5      5      8      5  0.625   0/0   0/0 0.375 0.500
92             3      3     12      4  0.250   0/0   n/a 0.750 0.250
93             1      1      6      2  0.167   0/0   0/0 0.833 0.375
94             6      6     11      6  0.545   0/0   0/0 0.455 0.375
100            3      3      6      6  0.500 0.000 0.000 0.500 0.500
101            3      3      8      5  0.375   0/0   0/0 0.625 0.375
103            5      5     10      7  0.500   0/0   0/0 0.500 0.375
107            3      3      3      3  1.000   0/0   0/0 0.000 1.000
110            5      5      8      5  0.625   0/0   0/0 0.375 0.500
113            6      6     11     11  0.545 0.000 0.000 0.455 0.375
114            5      5      8      7  0.625   0/0   0/0 0.375 0.500
115            9      9     20     11  0.450   0/0   0/0 0.550 0.214
116            7      7     12      7  0.583   0/0   0/0 0.417 0.375
124            3      3      6      6  0.500 0.000 0.000 0.500 0.500
128            2      2     11      3  0.182   0/0   0/0 0.818 0.250
130            3      3      6      6  0.500 0.000 0.000 0.500 0.500
131            2      2      9      3  0.222   0/0   0/0 0.778 0.300
132            3      3      6      3  0.500   0/0   0/0 0.500 0.500
133            2      2      9      3  0.222   0/0   0/0 0.778 0.300
134            3      3      3      3  1.000   0/0   0/0 0.000 1.000
135            2      2      7      4  0.286   0/0   0/0 0.714 0.375
136            5      5      8      8  0.625 0.000 0.000 0.375 0.500
137            2      2     10      2  0.200   0/0   0/0 0.800 0.273
138            3      3      6      5  0.500   0/0   0/0 0.500 0.500
139            2      2      7      2  0.286   0/0   0/0 0.714 0.375
140            2      2      8      2  0.250   0/0   0/0 0.750 0.333
141            2      2      7      4  0.286   0/0   0/0 0.714 0.375
142            3      3      3      3  1.000   0/0   0/0 0.000 1.000
147            6      6      6     11  1.000 1.000 1.000 0.000 1.000
149            2      2      9      2  0.222   0/0   0/0 0.778 0.300
150            2      2      7      4  0.286   0/0   0/0 0.714 0.375
152            3      3      6      3  0.500   0/0   0/0 0.500 0.500
154            3      3      6      6  0.500 0.000 0.000 0.500 0.500
160            3      3      6      3  0.500   0/0   0/0 0.500 0.500
162            5      5      8      8  0.625 0.000 0.000 0.375 0.500
165            8      8     16      9  0.500   0/0   0/0 0.500 0.273
168            5      5      8      8  0.625 0.000 0.000 0.375 0.500
172            3      3      6      3  0.500   0/0   0/0 0.500 0.500
180            3      3      6      6  0.500 0.000 0.000 0.500 0.500
182            4      4     10      5  0.400   0/0   n/a 0.600 0.333
187            1      1     11      1  0.091   0/0   0/0 0.909 0.231
188            3      3      3      3  1.000   0/0   0/0 0.000 1.000
190            3      3      6      3  0.500   0/0   0/0 0.500 0.500
200            5      5      5      5  1.000   0/0   0/0 0.000 1.000
201            4      4     12      7  0.333   0/0   0/0 0.667 0.273
203            4      4     17      6  0.235   0/0   0/0 0.765 0.188
204            1      1     12      1  0.083   0/0   0/0 0.917 0.214
207            3      3      3      3  1.000   0/0   0/0 0.000 1.000
208            3      3      8      5  0.375   0/0   0/0 0.625 0.375
213            3      3      6      6  0.500 0.000 0.000 0.500 0.500
214            3      3      3      6  1.000 1.000 1.000 0.000 1.000
218            1      1      7      2  0.143   0/0   0/0 0.857 0.333
221            3      3      6      3  0.500   0/0   0/0 0.500 0.500
224            5      5      8      8  0.625 0.000 0.000 0.375 0.500
225            7      7     10      7  0.700   0/0   0/0 0.300 0.500
226            3      3      6      3  0.500   0/0   0/0 0.500 0.500
227            1      1      7      1  0.143   0/0   0/0 0.857 0.333
231            2      2      5      4  0.400   0/0   0/0 0.600 0.500
239            5      5     10      5  0.500   0/0   0/0 0.500 0.375
240            3      3     10      4  0.300   0/0   0/0 0.700 0.300
244            2      2      7      4  0.286   0/0   0/0 0.714 0.375
246            2      2      7      4  0.286   0/0   0/0 0.714 0.375
247            3      3     11      4  0.273   0/0   0/0 0.727 0.273
250            3      3      6      6  0.500 0.000 0.000 0.500 0.500
252            3      3      6      3  0.500   0/0   0/0 0.500 0.500
255            4      4     10      4  0.400   0/0   0/0 0.600 0.333
266            3      3      6      3  0.500   0/0   0/0 0.500 0.500
267            3      3      6      3  0.500   0/0   0/0 0.500 0.500
269            5      5     10     10  0.500 0.000 0.000 0.500 0.375
271            5      5      8      8  0.625 0.000 0.000 0.375 0.500
277            3      3      8      5  0.375   0/0   0/0 0.625 0.375
279            6      6      9      6  0.667   0/0   0/0 0.333 0.500
281            3      3      6      6  0.500 0.000 0.000 0.500 0.500
284            3      3      6      6  0.500 0.000 0.000 0.500 0.500
285            5      5      5      5  1.000   0/0   0/0 0.000 1.000
286            4      4     10      4  0.400   0/0   0/0 0.600 0.333
287            3      3      3      3  1.000   0/0   0/0 0.000 1.000
288            2      2      5      2  0.400   0/0   0/0 0.600 0.500
291            3      3      6      3  0.500   0/0   0/0 0.500 0.500
293            3      3      3      3  1.000   0/0   0/0 0.000 1.000
294            3      3      3      3  1.000   0/0   0/0 0.000 1.000
299            3      3      3      6  1.000 1.000 1.000 0.000 1.000
300            3      3      3      3  1.000   0/0   0/0 0.000 1.000
302            1      1      7      2  0.143   0/0   0/0 0.857 0.333
307            3      3      8      3  0.375   0/0   0/0 0.625 0.375
308            3      3      6      6  0.500 0.000 0.000 0.500 0.500
309            3      3      6      3  0.500   0/0   0/0 0.500 0.500
313            2      2      7      4  0.286   0/0   0/0 0.714 0.375
315            2      2      9      2  0.222   0/0   0/0 0.778 0.300
316            2      2      8      3  0.250   0/0   0/0 0.750 0.333
317            1      1      7      2  0.143   0/0   0/0 0.857 0.333
319            3      3      6      6  0.500 0.000 0.000 0.500 0.500
321            3      3      6      5  0.500   0/0   0/0 0.500 0.500
326            3      3      3      6  1.000 1.000 1.000 0.000 1.000
327            5      5     13      7  0.385     -   0/0 0.615 0.273
329            9      9     23     13  0.391   0/0   0/0 0.609 0.176
332            3      3      6      6  0.500 0.000 0.000 0.500 0.500
336            5      5      5      5  1.000   0/0   0/0 0.000 1.000
338            5      5      5      8  1.000 1.000 1.000 0.000 1.000
340            3      3      6      6  0.500 0.000 0.000 0.500 0.500
343            4      4     12      4  0.333   0/0   0/0 0.667 0.273
350            5      5      5      8  1.000 1.000 1.000 0.000 1.000
353            1      1     16      2  0.062   0/0   0/0 0.938 0.167
354            1      1     13      2  0.077   0/0   0/0 0.923 0.200
355            2      2      5      4  0.400   0/0   0/0 0.600 0.500
360            7      7     20     10  0.350   0/0   0/0 0.650 0.188
361            6      6      6     12  1.000 1.000 1.000 0.000 1.000
367            3      3      3      3  1.000   0/0   0/0 0.000 1.000
368            6      6      6      8  1.000 1.000 1.000 0.000 1.000
372            6      6     17      7  0.353   0/0   0/0 0.647 0.214
374            3      3      3      6  1.000 1.000 1.000 0.000 1.000
375            1      1     12      1  0.083   0/0   0/0 0.917 0.214
376            7      7      9      9  0.778 0.000 0.000 0.222 0.600
377            5      5      8      8  0.625 0.000 0.000 0.375 0.500
378            2      2      7      2  0.286   0/0   0/0 0.714 0.375
380            6      6      9      6  0.667   0/0   0/0 0.333 0.500
381            3      3      9      3  0.333   0/0   0/0 0.667 0.333
384            5      5      5      8  1.000 1.000 1.000 0.000 1.000
386            3      3      6      3  0.500   0/0   0/0 0.500 0.500
388            6      6     11      6  0.545   0/0   0/0 0.455 0.375
391            5      5      5      5  1.000   0/0   0/0 0.000 1.000
393            6      6      6      7  1.000 1.000 1.000 0.000 1.000
395            3      3      6      6  0.500 0.000 0.000 0.500 0.500
397            1      1     15      2  0.067   0/0   0/0 0.933 0.176
398            3      3      6      6  0.500 0.000 0.000 0.500 0.500
403            5      5      5      5  1.000   0/0   0/0 0.000 1.000
405            3      3      6      3  0.500   0/0   0/0 0.500 0.500
406            1      1      7      1  0.143   0/0   0/0 0.857 0.333
407            3      3      6      6  0.500 0.000 0.000 0.500 0.500
410            6      6      6      9  1.000 1.000 1.000 0.000 1.000
411            3      3      3      6  1.000 1.000 1.000 0.000 1.000
414            6      6      9      9  0.667 0.000 0.000 0.333 0.500
415            6      6      6      6  1.000   0/0   0/0 0.000 1.000
416            2      2      7      2  0.286   0/0   0/0 0.714 0.375
418            5      5     12      9  0.417   0/0   0/0 0.583 0.300
421            3      3      6      6  0.500 0.000 0.000 0.500 0.500
424            3      3      6      6  0.500 0.000 0.000 0.500 0.500
425            5      5      5     10  1.000 1.000 1.000 0.000 1.000
430            3      3      6      6  0.500 0.000 0.000 0.500 0.500
437            5      5      5      5  1.000   0/0   0/0 0.000 1.000
439            1      1      7      2  0.143   0/0   0/0 0.857 0.333
454            3      3      6      6  0.500 0.000 0.000 0.500 0.500
455            6      6     12      7  0.500   0/0   0/0 0.500 0.333
457            5      5      5      8  1.000 1.000 1.000 0.000 1.000
460            5      5      8      8  0.625 0.000 0.000 0.375 0.500
461            3      3      6      3  0.500   0/0   0/0 0.500 0.500
473            3      3      3      6  1.000 1.000 1.000 0.000 1.000
478            3      3      6      3  0.500   0/0   0/0 0.500 0.500
482            3      3      6      6  0.500 0.000 0.000 0.500 0.500
484            3      3      6      6  0.500 0.000 0.000 0.500 0.500
488            3      3      3      6  1.000 1.000 1.000 0.000 1.000
489            3      3      3      6  1.000 1.000 1.000 0.000 1.000
491            3      3      6      3  0.500   0/0   0/0 0.500 0.500
492            6      6      9      9  0.667 0.000 0.000 0.333 0.500
493            3      3      6      6  0.500 0.000 0.000 0.500 0.500
499            3      3      6      3  0.500   0/0   0/0 0.500 0.500
504            3      3      6      6  0.500 0.000 0.000 0.500 0.500
509            4      4     18      6  0.222   0/0   0/0 0.778 0.176
515            3      3      6      6  0.500 0.000 0.000 0.500 0.500
517            3      3      9      3  0.333   0/0   0/0 0.667 0.333
522            3      3      3      3  1.000   0/0   0/0 0.000 1.000
524            3      3      6      6  0.500 0.000 0.000 0.500 0.500
535            3      3      9      3  0.333   0/0   0/0 0.667 0.333
541            5      5      5      5  1.000   0/0   0/0 0.000 1.000
546            3      3      3      6  1.000 1.000 1.000 0.000 1.000
547            3      3      3      3  1.000   0/0   0/0 0.000 1.000
549            3      3      6      6  0.500 0.000 0.000 0.500 0.500
553            3      3      3      6  1.000 1.000 1.000 0.000 1.000
563            3      3      6      6  0.500 0.000 0.000 0.500 0.500
565            3      3      6      6  0.500 0.000 0.000 0.500 0.500
567            3      3      6      6  0.500 0.000 0.000 0.500 0.500
570            3      3      6      3  0.500   0/0   0/0 0.500 0.500
571            1      1      7      2  0.143   0/0   0/0 0.857 0.333
583            3      3      3      3  1.000   0/0   0/0 0.000 1.000
585            3      3      6      6  0.500 0.000 0.000 0.500 0.500
586            5      5      5      5  1.000   0/0   0/0 0.000 1.000
590            3      3      3      3  1.000   0/0   0/0 0.000 1.000
593            3      3      6      6  0.500 0.000 0.000 0.500 0.500
594            5      5      5      5  1.000   0/0   0/0 0.000 1.000

1 tree saved to file "~/Documents/MANUSCRIPTS/SUBMITTED/BOOK Springer Methods/Chapter Arshan/PAUP copy/tree_of_proteomes.tre"

Bootstrap method with fast-heuristic search:
  Number of bootstrap replicates = 1000
  Starting seed = generated automatically
  Number of characters resampled in each replicate = 215
  Optimality criterion = parsimony
    Character-status summary:
      381 characters are excluded
      Of the remaining 215 included characters:
        All characters are of type 'ord' (Wagner)
        All characters have equal weight
        All characters are parsimony-informative
  Starting tree(s) obtained via stepwise addition with random addition sequence
  Branch-swapping algorithm: none
  Branches collapsed (creating polytomies) if maximum branch length is zero
  No topological constraints in effect
  Trees are unrooted

  1000 bootstrap replicates completed
  Time used = 0.06 sec (CPU time = 0.07 sec)

Trees for each replicate written to treefile: ~/Documents/MANUSCRIPTS/SUBMITTED/BOOK Springer Methods/Chapter Arshan/PAUP
copy/tree_of_proteomes_boot.tre

Bootstrap 50% majority-rule consensus tree

/------------------------------------------------------------------------------------------------------------ NC 014649 mimivirus(1)
|
|                                                                       /------------------------------------ NC 016072 Megavirus chiliensis(2)
|                                   /----------------97-----------------+
|                                   |                                   \------------------------------------ NC 075034 Powai lake megavirus isolate1(4)
\----------------100----------------+
                                    \------------------------------------------------------------------------ NC 020104 moumovirus(3)

Bipartitions found in one or more trees and frequency of occurrence (bootstrap support values):

1234          Freq        %
---------------------------
.*.*           966   96.60%

1 group at (relative) frequency less than 5% not shown

Evaluating 1000 trees sampled equiprobably from the set of all possible trees

  Trees are unrooted
  Starting seed = generated automatically
  Optimality criterion = parsimony
    Character-status summary:
      381 characters are excluded
      Of the remaining 215 included characters:
        All characters are of type 'ord' (Wagner)
        All characters have equal weight
        All characters are parsimony-informative

  Time used for tree-score evaluation = 0.00 sec (CPU time = 0.00 sec)

Frequency distribution of lengths of 1000 random trees:

          mean=966.231000 sd=33.591809 g1=-0.142624 g2=-1.511026
         /----------------------------------------------------------------------------------------------------------------------------------------
 924.000 |######################################################################################################################################## (342)
 928.316 | (0)
 932.632 | (0)
 936.947 | (0)
 941.263 | (0)
 945.579 | (0)
 949.895 | (0)
 954.211 | (0)
 958.526 | (0)
 962.842 | (0)
 967.158 | (0)
 971.474 |##################################################################################################################################### (335)
 975.789 | (0)
 980.105 | (0)
 984.421 | (0)
 988.737 | (0)
 993.053 | (0)
 997.368 | (0)
1001.684 | (0)
1006.000 |################################################################################################################################ (323)
         \----------------------------------------------------------------------------------------------------------------------------------------
